[21:17:49] [ServerMain/INFO]: [bootstrap] Running Java 24 (Java HotSpot(TM) 64-Bit Server VM 24.0.2+12-54; Oracle Corporation null) on Windows 10 10.0 (amd64)
[21:17:49] [ServerMain/INFO]: [bootstrap] Loading Paper 1.21-130-master@b1b5d4c (2024-08-10T10:02:42Z) for Minecraft 1.21
[21:17:54] [ServerMain/INFO]: [PluginInitializerManager] Initializing plugins...
[21:17:56] [ServerMain/INFO]: [PluginInitializerManager] Initialized 3 plugins
[21:17:56] [ServerMain/INFO]: [PluginInitializerManager] Bukkit plugins (3):
 - Chunky (1.4.40), DeathChest (2.2.8), SmoothTimber (1.27.5)
[21:18:12] [ServerMain/INFO]: Environment: Environment[sessionHost=https://sessionserver.mojang.com, servicesHost=https://api.minecraftservices.com, name=PROD]
[21:18:19] [ServerMain/INFO]: Loaded 1290 recipes
[21:18:19] [ServerMain/INFO]: Loaded 1399 advancements
[21:18:20] [Server thread/INFO]: Starting minecraft server version 1.21
[21:18:20] [Server thread/INFO]: Loading properties
[21:18:20] [Server thread/INFO]: This server is running Paper version 1.21-130-master@b1b5d4c (2024-08-10T10:02:42Z) (Implementing API version 1.21-R0.1-SNAPSHOT)
[21:18:22] [Server thread/INFO]: [spark] This server bundles the spark profiler. For more information please visit https://docs.papermc.io/paper/profiling
[21:18:22] [Server thread/INFO]: Server Ping Player Sample Count: 12
[21:18:22] [Server thread/INFO]: Using 4 threads for Netty based IO
[21:18:24] [Server thread/INFO]: [ChunkTaskScheduler] Chunk system is using 1 I/O threads, 1 worker threads, and population gen parallelism of 1 threads
[21:18:24] [Server thread/INFO]: Default game type: SURVIVAL
[21:18:24] [Server thread/INFO]: Generating keypair
[21:18:25] [Server thread/INFO]: Starting Minecraft server on *:25565
[21:18:25] [Server thread/INFO]: Using default channel type
[21:18:25] [Server thread/INFO]: Paper: Using Java compression from Velocity.
[21:18:25] [Server thread/INFO]: Paper: Using Java cipher from Velocity.
[21:18:26] [Server thread/INFO]: [SpigotLibraryLoader] [DeathChest] Loading 8 libraries... please wait
[21:18:27] [Server thread/INFO]: [SpigotLibraryLoader] [DeathChest] Loaded library C:\Users\brayan\Desktop\server\libraries\org\apache\commons\commons-text\1.10.0\commons-text-1.10.0.jar
[21:18:27] [Server thread/INFO]: [SpigotLibraryLoader] [DeathChest] Loaded library C:\Users\brayan\Desktop\server\libraries\org\apache\commons\commons-lang3\3.12.0\commons-lang3-3.12.0.jar
[21:18:27] [Server thread/INFO]: [SpigotLibraryLoader] [DeathChest] Loaded library C:\Users\brayan\Desktop\server\libraries\com\google\inject\guice\7.0.0\guice-7.0.0.jar
[21:18:27] [Server thread/INFO]: [SpigotLibraryLoader] [DeathChest] Loaded library C:\Users\brayan\Desktop\server\libraries\jakarta\inject\jakarta.inject-api\2.0.1\jakarta.inject-api-2.0.1.jar
[21:18:27] [Server thread/INFO]: [SpigotLibraryLoader] [DeathChest] Loaded library C:\Users\brayan\Desktop\server\libraries\aopalliance\aopalliance\1.0\aopalliance-1.0.jar
[21:18:27] [Server thread/INFO]: [SpigotLibraryLoader] [DeathChest] Loaded library C:\Users\brayan\Desktop\server\libraries\com\google\guava\guava\31.0.1-jre\guava-31.0.1-jre.jar
[21:18:27] [Server thread/INFO]: [SpigotLibraryLoader] [DeathChest] Loaded library C:\Users\brayan\Desktop\server\libraries\com\google\guava\failureaccess\1.0.1\failureaccess-1.0.1.jar
[21:18:27] [Server thread/INFO]: [SpigotLibraryLoader] [DeathChest] Loaded library C:\Users\brayan\Desktop\server\libraries\com\google\guava\listenablefuture\9999.0-empty-to-avoid-conflict-with-guava\listenablefuture-9999.0-empty-to-avoid-conflict-with-guava.jar
[21:18:27] [Server thread/INFO]: [SpigotLibraryLoader] [DeathChest] Loaded library C:\Users\brayan\Desktop\server\libraries\com\google\code\findbugs\jsr305\3.0.2\jsr305-3.0.2.jar
[21:18:27] [Server thread/INFO]: [SpigotLibraryLoader] [DeathChest] Loaded library C:\Users\brayan\Desktop\server\libraries\com\google\errorprone\error_prone_annotations\2.7.1\error_prone_annotations-2.7.1.jar
[21:18:27] [Server thread/INFO]: [SpigotLibraryLoader] [DeathChest] Loaded library C:\Users\brayan\Desktop\server\libraries\com\google\j2objc\j2objc-annotations\1.3\j2objc-annotations-1.3.jar
[21:18:27] [Server thread/INFO]: [SpigotLibraryLoader] [DeathChest] Loaded library C:\Users\brayan\Desktop\server\libraries\cloud\commandframework\cloud-core\1.7.1\cloud-core-1.7.1.jar
[21:18:27] [Server thread/INFO]: [SpigotLibraryLoader] [DeathChest] Loaded library C:\Users\brayan\Desktop\server\libraries\cloud\commandframework\cloud-services\1.7.1\cloud-services-1.7.1.jar
[21:18:27] [Server thread/INFO]: [SpigotLibraryLoader] [DeathChest] Loaded library C:\Users\brayan\Desktop\server\libraries\io\leangen\geantyref\geantyref\1.3.13\geantyref-1.3.13.jar
[21:18:27] [Server thread/INFO]: [SpigotLibraryLoader] [DeathChest] Loaded library C:\Users\brayan\Desktop\server\libraries\org\checkerframework\checker-qual\3.22.1\checker-qual-3.22.1.jar
[21:18:27] [Server thread/INFO]: [SpigotLibraryLoader] [DeathChest] Loaded library C:\Users\brayan\Desktop\server\libraries\org\apiguardian\apiguardian-api\1.1.2\apiguardian-api-1.1.2.jar
[21:18:27] [Server thread/INFO]: [SpigotLibraryLoader] [DeathChest] Loaded library C:\Users\brayan\Desktop\server\libraries\cloud\commandframework\cloud-bukkit\1.7.1\cloud-bukkit-1.7.1.jar
[21:18:27] [Server thread/INFO]: [SpigotLibraryLoader] [DeathChest] Loaded library C:\Users\brayan\Desktop\server\libraries\cloud\commandframework\cloud-brigadier\1.7.1\cloud-brigadier-1.7.1.jar
[21:18:27] [Server thread/INFO]: [SpigotLibraryLoader] [DeathChest] Loaded library C:\Users\brayan\Desktop\server\libraries\cloud\commandframework\cloud-tasks\1.7.1\cloud-tasks-1.7.1.jar
[21:18:27] [Server thread/INFO]: [SpigotLibraryLoader] [DeathChest] Loaded library C:\Users\brayan\Desktop\server\libraries\net\kyori\adventure-platform-bukkit\4.3.0\adventure-platform-bukkit-4.3.0.jar
[21:18:27] [Server thread/INFO]: [SpigotLibraryLoader] [DeathChest] Loaded library C:\Users\brayan\Desktop\server\libraries\net\kyori\adventure-platform-api\4.3.0\adventure-platform-api-4.3.0.jar
[21:18:27] [Server thread/INFO]: [SpigotLibraryLoader] [DeathChest] Loaded library C:\Users\brayan\Desktop\server\libraries\net\kyori\adventure-text-serializer-bungeecord\4.3.0\adventure-text-serializer-bungeecord-4.3.0.jar
[21:18:27] [Server thread/INFO]: [SpigotLibraryLoader] [DeathChest] Loaded library C:\Users\brayan\Desktop\server\libraries\net\kyori\adventure-nbt\4.13.0\adventure-nbt-4.13.0.jar
[21:18:27] [Server thread/INFO]: [SpigotLibraryLoader] [DeathChest] Loaded library C:\Users\brayan\Desktop\server\libraries\net\kyori\examination-api\1.3.0\examination-api-1.3.0.jar
[21:18:27] [Server thread/INFO]: [SpigotLibraryLoader] [DeathChest] Loaded library C:\Users\brayan\Desktop\server\libraries\net\kyori\examination-string\1.3.0\examination-string-1.3.0.jar
[21:18:27] [Server thread/INFO]: [SpigotLibraryLoader] [DeathChest] Loaded library C:\Users\brayan\Desktop\server\libraries\org\jetbrains\annotations\24.0.1\annotations-24.0.1.jar
[21:18:27] [Server thread/INFO]: [SpigotLibraryLoader] [DeathChest] Loaded library C:\Users\brayan\Desktop\server\libraries\net\kyori\adventure-text-serializer-gson\4.13.0\adventure-text-serializer-gson-4.13.0.jar
[21:18:27] [Server thread/INFO]: [SpigotLibraryLoader] [DeathChest] Loaded library C:\Users\brayan\Desktop\server\libraries\net\kyori\adventure-text-serializer-gson-legacy-impl\4.13.0\adventure-text-serializer-gson-legacy-impl-4.13.0.jar
[21:18:27] [Server thread/INFO]: [SpigotLibraryLoader] [DeathChest] Loaded library C:\Users\brayan\Desktop\server\libraries\net\kyori\adventure-platform-facet\4.3.0\adventure-platform-facet-4.3.0.jar
[21:18:27] [Server thread/INFO]: [SpigotLibraryLoader] [DeathChest] Loaded library C:\Users\brayan\Desktop\server\libraries\net\kyori\adventure-platform-viaversion\4.3.0\adventure-platform-viaversion-4.3.0.jar
[21:18:27] [Server thread/INFO]: [SpigotLibraryLoader] [DeathChest] Loaded library C:\Users\brayan\Desktop\server\libraries\net\kyori\adventure-text-minimessage\4.14.0\adventure-text-minimessage-4.14.0.jar
[21:18:27] [Server thread/INFO]: [SpigotLibraryLoader] [DeathChest] Loaded library C:\Users\brayan\Desktop\server\libraries\net\kyori\adventure-api\4.14.0\adventure-api-4.14.0.jar
[21:18:27] [Server thread/INFO]: [SpigotLibraryLoader] [DeathChest] Loaded library C:\Users\brayan\Desktop\server\libraries\net\kyori\adventure-key\4.14.0\adventure-key-4.14.0.jar
[21:18:27] [Server thread/INFO]: [SpigotLibraryLoader] [DeathChest] Loaded library C:\Users\brayan\Desktop\server\libraries\net\kyori\adventure-text-serializer-legacy\4.14.0\adventure-text-serializer-legacy-4.14.0.jar
[21:18:27] [Server thread/INFO]: [SpigotLibraryLoader] [DeathChest] Loaded library C:\Users\brayan\Desktop\server\libraries\org\bstats\bstats-bukkit\3.0.2\bstats-bukkit-3.0.2.jar
[21:18:27] [Server thread/INFO]: [SpigotLibraryLoader] [DeathChest] Loaded library C:\Users\brayan\Desktop\server\libraries\org\bstats\bstats-base\3.0.2\bstats-base-3.0.2.jar
[21:18:27] [Server thread/INFO]: [SmoothTimber] Loading server plugin SmoothTimber v1.27.5
[21:18:27] [Server thread/INFO]: [DeathChest] Loading server plugin DeathChest v2.2.8
[21:18:27] [Server thread/INFO]: [Chunky] Loading server plugin Chunky v1.4.40
[21:18:27] [Server thread/INFO]: Server permissions file permissions.yml is empty, ignoring it
[21:18:27] [Server thread/WARN]: **** SERVER IS RUNNING IN OFFLINE/INSECURE MODE!
[21:18:27] [Server thread/WARN]: The server will make no attempt to authenticate usernames. Beware.
[21:18:27] [Server thread/WARN]: While this makes the game possible to play without internet access, it also opens up the ability for hackers to connect with any username they choose.
[21:18:27] [Server thread/WARN]: To change this, set "online-mode" to "true" in the server.properties file.
[21:18:27] [Server thread/INFO]: Preparing level "world"
[21:18:29] [Server thread/INFO]: Preparing start region for dimension minecraft:overworld
[21:18:32] [Server thread/INFO]: Time elapsed: 2809 ms
[21:18:32] [Server thread/INFO]: Preparing start region for dimension minecraft:the_nether
[21:18:33] [Server thread/INFO]: Time elapsed: 707 ms
[21:18:33] [Server thread/INFO]: Preparing start region for dimension minecraft:the_end
[21:18:33] [Server thread/INFO]: Time elapsed: 359 ms
[21:18:33] [Server thread/INFO]: [SmoothTimber] Enabling SmoothTimber v1.27.5
[21:18:33] [Server thread/INFO]: SmoothTimber || You're currently using the supported Minecraft Version 1.21 (Core v1_20x)
[21:18:34] [Server thread/INFO]: [DeathChest] Enabling DeathChest v2.2.8
[21:18:35] [Server thread/INFO]: [DeathChest] 0 death chests loaded in world "world"
[21:18:35] [Server thread/INFO]: [DeathChest]   Of these 0 have expired
[21:18:35] [Server thread/INFO]: [DeathChest] 0 death chests loaded in world "world_nether"
[21:18:35] [Server thread/INFO]: [DeathChest]   Of these 0 have expired
[21:18:35] [Server thread/INFO]: [DeathChest] 0 death chests loaded in world "world_the_end"
[21:18:35] [Server thread/INFO]: [DeathChest]   Of these 0 have expired
[21:18:36] [Server thread/INFO]: [Chunky] Enabling Chunky v1.4.40
[21:18:37] [Server thread/INFO]: [spark] Starting background profiler...
[21:18:37] [Server thread/INFO]: [spark] The async-profiler engine is not supported for your os/arch (windows10/amd64), so the built-in Java engine will be used instead.
[21:18:37] [Server thread/INFO]: Done preparing level "world" (9.591s)
[21:18:37] [Server thread/INFO]: Running delayed init tasks
[21:18:37] [Server thread/INFO]: Done (52.750s)! For help, type "help"
[21:18:37] [Server thread/INFO]: Timings Reset
[21:26:28] [Server thread/INFO]: Stopping server
[21:26:28] [Server thread/INFO]: [Chunky] Disabling Chunky v1.4.40
[21:26:28] [Server thread/INFO]: [DeathChest] Disabling DeathChest v2.2.8
[21:26:28] [Server thread/INFO]: [SmoothTimber] Disabling SmoothTimber v1.27.5
[21:26:28] [Server thread/INFO]: Saving players
[21:26:28] [Server thread/INFO]: Saving worlds
[21:26:28] [Server thread/INFO]: Saving chunks for level 'ServerLevel[world]'/minecraft:overworld
[21:26:28] [Server thread/INFO]: [ChunkHolderManager] Waiting 60s for chunk system to halt for world 'world'
[21:26:28] [Server thread/INFO]: [ChunkHolderManager] Halted chunk system for world 'world'
[21:26:28] [Server thread/INFO]: [ChunkHolderManager] Saving all chunkholders for world 'world'
[21:26:28] [Server thread/INFO]: [ChunkHolderManager] Saved 0 block chunks, 3 entity chunks, 0 poi chunks in world 'world' in 0.04s
[21:26:28] [Server thread/INFO]: Saving chunks for level 'ServerLevel[world_nether]'/minecraft:the_nether
[21:26:28] [Server thread/INFO]: [ChunkHolderManager] Waiting 60s for chunk system to halt for world 'world_nether'
[21:26:28] [Server thread/INFO]: [ChunkHolderManager] Halted chunk system for world 'world_nether'
[21:26:28] [Server thread/INFO]: [ChunkHolderManager] Saving all chunkholders for world 'world_nether'
[21:26:28] [Server thread/INFO]: [ChunkHolderManager] Saved 0 block chunks, 3 entity chunks, 0 poi chunks in world 'world_nether' in 0.43s
[21:26:28] [Server thread/INFO]: Saving chunks for level 'ServerLevel[world_the_end]'/minecraft:the_end
[21:26:28] [Server thread/INFO]: [ChunkHolderManager] Waiting 60s for chunk system to halt for world 'world_the_end'
[21:26:28] [Server thread/INFO]: [ChunkHolderManager] Halted chunk system for world 'world_the_end'
[21:26:28] [Server thread/INFO]: [ChunkHolderManager] Saving all chunkholders for world 'world_the_end'
[21:26:29] [Server thread/INFO]: [ChunkHolderManager] Saved 0 block chunks, 5 entity chunks, 0 poi chunks in world 'world_the_end' in 0.10s
[21:26:29] [Server thread/INFO]: ThreadedAnvilChunkStorage (world): All chunks are saved
[21:26:29] [Server thread/INFO]: ThreadedAnvilChunkStorage (DIM-1): All chunks are saved
[21:26:29] [Server thread/INFO]: ThreadedAnvilChunkStorage (DIM1): All chunks are saved
[21:26:29] [Server thread/INFO]: ThreadedAnvilChunkStorage: All dimensions are saved
